
[2025-09-09T04:26:44.707Z] info: Servidor corriendo en el puerto: 
[2025-09-09T04:26:47.867Z] info: Base de datos conectada 
[2025-09-09T04:48:12.448Z] info: Servidor corriendo en el puerto: 
[2025-09-09T04:48:13.404Z] info: Servidor corriendo en el puerto: 
[2025-09-09T04:48:14.757Z] info: Base de datos conectada 
[2025-09-09T04:48:49.292Z] info: Servidor corriendo en el puerto: 
[2025-09-09T04:48:50.497Z] info: Servidor corriendo en el puerto: 
[2025-09-09T04:48:51.597Z] info: Base de datos conectada 
[2025-09-09T04:55:22.644Z] info: Servidor corriendo en el puerto: 
[2025-09-09T04:55:24.427Z] info: Base de datos conectada 
[2025-09-09T04:56:06.013Z] [32minfo[39m: Servidor corriendo en el puerto: 
[2025-09-09T04:56:07.178Z] [32minfo[39m: Servidor corriendo en el puerto: 
[2025-09-09T04:56:08.217Z] [32minfo[39m: Base de datos conectada 
[2025-09-09T04:56:27.590Z] [32minfo[39m: Servidor corriendo en el puerto: 
[2025-09-09T04:56:29.679Z] [32minfo[39m: Base de datos conectada 
[2025-09-09T04:57:02.137Z] [32minfo[39m: Servidor corriendo en el puerto: 
[2025-09-09T04:57:03.170Z] [32minfo[39m: Base de datos conectada 
[2025-09-09T04:57:13.505Z] [32minfo[39m: Servidor corriendo en el puerto: 
[2025-09-09T04:57:14.480Z] [32minfo[39m: Base de datos conectada 
[2025-09-09T04:57:21.363Z] info: Servidor corriendo en el puerto: 
[2025-09-09T04:57:22.350Z] info: Base de datos conectada 
[2025-09-09T04:57:34.645Z] info: Servidor corriendo en el puerto: 
[2025-09-09T04:57:35.856Z] info: Base de datos conectada 
[2025-09-09T04:57:37.296Z] info: Servidor corriendo en el puerto: 
[2025-09-09T04:57:38.245Z] info: Base de datos conectada 
[2025-09-09T04:57:44.979Z] info: Servidor corriendo en el puerto: 
[2025-09-09T04:57:46.086Z] info: Base de datos conectada 
[2025-09-09T04:58:07.441Z] info: Servidor corriendo en el puerto: 
[2025-09-09T04:58:08.515Z] info: Base de datos conectada 
[2025-09-11T05:12:06.098Z] info: Servidor corriendo en el puerto: 
[2025-09-11T05:12:06.945Z] info: Servidor corriendo en el puerto: 
[2025-09-11T05:12:08.394Z] info: Base de datos conectada 
[2025-09-11T05:18:30.683Z] info: Servidor corriendo en el puerto: 
[2025-09-11T05:18:31.653Z] info: Servidor corriendo en el puerto: 
[2025-09-11T05:18:33.032Z] info: Base de datos conectada 
[2025-09-11T05:19:43.338Z] info: Servidor corriendo en el puerto: 
[2025-09-11T05:19:45.004Z] info: Servidor corriendo en el puerto: 
[2025-09-11T05:19:46.003Z] info: Base de datos conectada 
[2025-09-11T05:20:14.238Z] info: Servidor corriendo en el puerto: 
[2025-09-11T05:20:16.634Z] info: Base de datos conectada 
[2025-09-11T05:21:51.333Z] info: Servidor corriendo en el puerto: 
[2025-09-11T05:21:52.929Z] info: Servidor corriendo en el puerto: 
[2025-09-11T05:21:55.273Z] info: Base de datos conectada 
[2025-09-11T05:21:55.512Z] info: Usuario encontrado con su id:68b21e16ec9a7f7c6532ee78 
[2025-09-11T05:22:43.255Z] info: Servidor corriendo en el puerto: 
[2025-09-11T05:22:46.195Z] info: Base de datos conectada 
[2025-09-11T05:22:46.877Z] error: Error al encontrar el usuario con el id 
[2025-09-11T05:22:52.578Z] info: Servidor corriendo en el puerto: 
[2025-09-11T05:22:54.913Z] info: Base de datos conectada 
[2025-09-11T05:22:57.923Z] error: Error al encontrar el usuario con el id 
[2025-09-11T05:23:39.205Z] info: Servidor corriendo en el puerto: 
[2025-09-11T05:23:40.300Z] info: Base de datos conectada 
[2025-09-11T05:24:35.156Z] info: Servidor corriendo en el puerto: 
[2025-09-11T05:24:36.602Z] info: Servidor corriendo en el puerto: 
[2025-09-11T05:24:37.685Z] info: Base de datos conectada 
[2025-09-11T05:24:49.355Z] info: Servidor corriendo en el puerto: 
[2025-09-11T05:24:50.652Z] info: Servidor corriendo en el puerto: 
[2025-09-11T05:24:52.485Z] info: Base de datos conectada 
[2025-09-11T05:26:50.258Z] info: Servidor corriendo en el puerto: 
[2025-09-11T05:26:52.065Z] info: Servidor corriendo en el puerto: 
[2025-09-11T05:26:53.048Z] info: Base de datos conectada 
[2025-09-11T05:27:22.973Z] info: Servidor corriendo en el puerto: 
[2025-09-11T05:27:24.323Z] info: Servidor corriendo en el puerto: 
[2025-09-11T05:27:25.459Z] info: Base de datos conectada 
[2025-09-11T05:28:21.031Z] info: Servidor corriendo en el puerto: 
[2025-09-11T05:28:22.367Z] info: Servidor corriendo en el puerto: 
[2025-09-11T05:28:23.481Z] info: Base de datos conectada 
[2025-09-11T05:28:43.713Z] info: Servidor corriendo en el puerto: 
[2025-09-11T05:28:44.696Z] info: Base de datos conectada 
[2025-09-11T05:29:45.048Z] info: Servidor corriendo en el puerto: 
[2025-09-11T05:29:46.773Z] info: Servidor corriendo en el puerto: 
[2025-09-11T05:29:48.160Z] info: Servidor corriendo en el puerto: 
[2025-09-11T05:29:49.272Z] info: Base de datos conectada 
[2025-09-11T05:33:27.764Z] info: Servidor corriendo en el puerto: 
[2025-09-11T05:33:29.115Z] info: Servidor corriendo en el puerto: 
[2025-09-11T05:33:30.232Z] info: Base de datos conectada 
[2025-09-11T05:34:18.060Z] info: Servidor corriendo en el puerto: 
[2025-09-11T05:34:19.555Z] info: Servidor corriendo en el puerto: 
[2025-09-11T05:34:20.664Z] info: Base de datos conectada 
[2025-09-11T05:37:18.182Z] info: Servidor corriendo en el puerto: 
[2025-09-11T05:37:19.922Z] info: Servidor corriendo en el puerto: 
[2025-09-11T05:37:20.896Z] info: Base de datos conectada 
[2025-09-11T05:38:16.416Z] info: Servidor corriendo en el puerto: 
[2025-09-11T05:38:17.635Z] info: Servidor corriendo en el puerto: 
[2025-09-11T05:38:18.699Z] info: Base de datos conectada 
[2025-09-11T05:44:35.217Z] info: Servidor corriendo en el puerto: 
[2025-09-11T05:44:37.056Z] info: Servidor corriendo en el puerto: 
[2025-09-11T05:44:38.037Z] info: Base de datos conectada 
[2025-09-11T05:45:36.462Z] info: Servidor corriendo en el puerto: 
[2025-09-11T05:45:38.200Z] info: Base de datos conectada 
[2025-09-11T05:45:56.047Z] info: Servidor corriendo en el puerto: 
[2025-09-11T05:45:57.146Z] info: Base de datos conectada 
[2025-09-11T05:46:23.430Z] info: Servidor corriendo en el puerto: 
[2025-09-11T05:46:24.477Z] info: Base de datos conectada 
[2025-09-11T05:46:41.440Z] info: Servidor corriendo en el puerto: 
[2025-09-11T05:46:42.706Z] info: Servidor corriendo en el puerto: 
[2025-09-11T05:46:43.770Z] info: Base de datos conectada 
[2025-09-11T05:47:24.153Z] info: Servidor corriendo en el puerto: 
[2025-09-11T05:47:25.578Z] info: Servidor corriendo en el puerto: 
[2025-09-11T05:47:26.554Z] info: Base de datos conectada 
[2025-09-11T05:48:01.912Z] info: Servidor corriendo en el puerto: 
[2025-09-11T05:48:03.974Z] info: Base de datos conectada 
[2025-09-11T05:48:17.502Z] info: Servidor corriendo en el puerto: 
[2025-09-11T05:48:18.502Z] info: Base de datos conectada 
[2025-09-11T05:48:24.464Z] info: Servidor corriendo en el puerto: 
[2025-09-11T05:48:25.456Z] info: Base de datos conectada 
[2025-09-11T05:49:53.404Z] info: Servidor corriendo en el puerto: 
[2025-09-11T05:49:54.768Z] info: Servidor corriendo en el puerto: 
[2025-09-11T05:49:55.832Z] info: Base de datos conectada 
[2025-09-11T05:51:16.939Z] info: Servidor corriendo en el puerto: 
[2025-09-11T05:51:18.981Z] info: Base de datos conectada 
[2025-09-11T05:51:29.178Z] info: Servidor corriendo en el puerto: 
[2025-09-11T05:51:30.194Z] info: Base de datos conectada 
[2025-09-11T05:51:44.505Z] info: Servidor corriendo en el puerto: 
[2025-09-11T05:51:45.820Z] info: Servidor corriendo en el puerto: 
[2025-09-11T05:51:46.967Z] info: Base de datos conectada 
[2025-09-11T05:51:56.207Z] info: Servidor corriendo en el puerto: 
[2025-09-11T05:51:57.156Z] info: Base de datos conectada 
[2025-09-11T05:52:08.261Z] info: Servidor corriendo en el puerto: 
[2025-09-11T05:52:09.223Z] info: Base de datos conectada 
[2025-09-11T05:53:04.388Z] info: Servidor corriendo en el puerto: 
[2025-09-11T05:53:05.525Z] info: Base de datos conectada 
[2025-09-11T05:54:43.156Z] info: Servidor corriendo en el puerto: 
[2025-09-11T05:54:44.581Z] info: Servidor corriendo en el puerto: 
[2025-09-11T05:54:45.641Z] info: Base de datos conectada 
[2025-09-11T05:55:02.080Z] info: Servidor corriendo en el puerto: 
[2025-09-11T05:55:03.297Z] info: Servidor corriendo en el puerto: 
[2025-09-11T05:55:04.322Z] info: Base de datos conectada 
[2025-09-11T05:55:24.386Z] info: Servidor corriendo en el puerto: 
[2025-09-11T05:55:25.387Z] info: Base de datos conectada 
[2025-09-11T05:55:27.165Z] info: Servidor corriendo en el puerto: 
[2025-09-11T05:55:28.150Z] info: Base de datos conectada 
[2025-09-11T05:55:38.818Z] info: Servidor corriendo en el puerto: 
[2025-09-11T05:55:40.072Z] info: Servidor corriendo en el puerto: 
[2025-09-11T05:55:41.043Z] info: Base de datos conectada 
[2025-09-11T05:56:41.380Z] info: Servidor corriendo en el puerto: 
[2025-09-11T05:56:42.499Z] info: Base de datos conectada 
[2025-09-11T05:57:05.119Z] info: Servidor corriendo en el puerto: 
[2025-09-11T05:57:06.270Z] info: Servidor corriendo en el puerto: 
[2025-09-11T05:57:07.400Z] info: Base de datos conectada 
[2025-09-11T05:59:04.969Z] info: Servidor corriendo en el puerto: 
[2025-09-11T05:59:06.051Z] info: Servidor corriendo en el puerto: 
[2025-09-11T05:59:07.443Z] info: Base de datos conectada 
[2025-09-11T06:00:14.950Z] info: Servidor corriendo en el puerto: 
[2025-09-11T06:00:16.032Z] info: Servidor corriendo en el puerto: 
[2025-09-11T06:00:17.307Z] info: Base de datos conectada 
[2025-09-11T06:00:47.668Z] info: Servidor corriendo en el puerto: 
[2025-09-11T06:00:48.831Z] info: Base de datos conectada 
[2025-09-11T06:00:56.994Z] info: Servidor corriendo en el puerto: 
[2025-09-11T06:00:58.102Z] info: Base de datos conectada 
[2025-09-11T06:02:55.791Z] info: Servidor corriendo en el puerto: 
[2025-09-11T06:02:57.208Z] info: Servidor corriendo en el puerto: 
[2025-09-11T06:02:58.261Z] info: Base de datos conectada 
[2025-09-11T06:04:54.808Z] info: Servidor corriendo en el puerto: 
[2025-09-11T06:04:55.874Z] info: Servidor corriendo en el puerto: 
[2025-09-11T06:04:57.295Z] info: Base de datos conectada 
[2025-09-11T06:05:06.648Z] info: Servidor corriendo en el puerto: 
[2025-09-11T06:05:07.815Z] info: Servidor corriendo en el puerto: 
[2025-09-11T06:05:08.889Z] info: Base de datos conectada 
[2025-09-11T06:07:04.969Z] info: Servidor corriendo en el puerto: 
[2025-09-11T06:07:06.094Z] info: Servidor corriendo en el puerto: 
[2025-09-11T06:07:07.473Z] info: Base de datos conectada 
[2025-09-11T06:07:20.786Z] info: Servidor corriendo en el puerto: 
[2025-09-11T06:07:21.735Z] info: Base de datos conectada 
[2025-09-11T06:07:25.962Z] info: Servidor corriendo en el puerto: 
[2025-09-11T06:07:26.975Z] info: Base de datos conectada 
[2025-09-11T06:08:19.790Z] info: Servidor corriendo en el puerto: 
[2025-09-11T06:08:21.516Z] info: Base de datos conectada 
[2025-09-11T06:08:40.174Z] info: Servidor corriendo en el puerto: 
[2025-09-11T06:08:41.575Z] info: Servidor corriendo en el puerto: 
[2025-09-11T06:08:42.649Z] info: Base de datos conectada 
[2025-09-11T06:10:07.695Z] info: Servidor corriendo en el puerto: 
[2025-09-11T06:10:09.383Z] info: Base de datos conectada 
[2025-09-11T06:11:11.184Z] info: Servidor corriendo en el puerto: 
[2025-09-11T06:11:12.437Z] info: Servidor corriendo en el puerto: 
[2025-09-11T06:11:13.802Z] info: Base de datos conectada 
[2025-09-11T06:11:27.476Z] info: Servidor corriendo en el puerto: 
[2025-09-11T06:11:28.536Z] info: Base de datos conectada 
[2025-09-11T06:11:40.242Z] info: Servidor corriendo en el puerto: 
[2025-09-11T06:11:41.168Z] info: Base de datos conectada 
[2025-09-11T06:12:13.685Z] info: Servidor corriendo en el puerto: 
[2025-09-11T06:12:14.476Z] info: Servidor corriendo en el puerto: 
[2025-09-11T06:12:15.829Z] info: Base de datos conectada 
[2025-09-11T06:13:53.500Z] info: Servidor corriendo en el puerto: 
[2025-09-11T06:13:54.705Z] info: Servidor corriendo en el puerto: 
[2025-09-11T06:13:56.060Z] info: Base de datos conectada 
[2025-09-11T06:14:24.701Z] info: Servidor corriendo en el puerto: 
[2025-09-11T06:14:25.893Z] info: Servidor corriendo en el puerto: 
[2025-09-11T06:14:26.876Z] info: Base de datos conectada 
[2025-09-11T06:14:34.984Z] info: Servidor corriendo en el puerto: 
[2025-09-11T06:14:36.112Z] info: Base de datos conectada 
[2025-09-11T06:14:48.270Z] info: Servidor corriendo en el puerto: 
[2025-09-11T06:14:49.341Z] info: Base de datos conectada 
[2025-09-11T06:15:35.095Z] info: Servidor corriendo en el puerto: 
[2025-09-11T06:15:36.423Z] info: Servidor corriendo en el puerto: 
[2025-09-11T06:15:37.415Z] info: Base de datos conectada 
[2025-09-11T06:15:46.509Z] info: Servidor corriendo en el puerto: 
[2025-09-11T06:15:47.443Z] info: Base de datos conectada 
[2025-09-11T06:16:17.474Z] info: Servidor corriendo en el puerto: 
[2025-09-11T06:16:19.301Z] info: Base de datos conectada 
[2025-09-11T06:18:15.303Z] info: Servidor corriendo en el puerto: 
[2025-09-11T06:18:16.266Z] info: Servidor corriendo en el puerto: 
[2025-09-11T06:18:17.762Z] info: Base de datos conectada 
[2025-09-11T06:18:47.330Z] info: Servidor corriendo en el puerto: 
[2025-09-11T06:18:48.595Z] info: Servidor corriendo en el puerto: 
[2025-09-11T06:18:49.530Z] info: Base de datos conectada 
[2025-09-11T06:19:43.209Z] info: El Usuario se ha registrado 
[2025-09-11T06:22:28.103Z] info: Servidor corriendo en el puerto: 
[2025-09-11T06:22:28.986Z] info: Servidor corriendo en el puerto: 
[2025-09-11T06:22:30.316Z] info: Base de datos conectada 
[2025-09-11T06:22:31.139Z] info: Servidor corriendo en el puerto: 
[2025-09-11T06:22:32.095Z] info: Base de datos conectada 
[2025-09-11T06:22:37.493Z] info: Servidor corriendo en el puerto: 
[2025-09-11T06:22:38.558Z] info: Base de datos conectada 
[2025-09-11T06:23:05.374Z] info: Servidor corriendo en el puerto: 
[2025-09-11T06:23:06.373Z] info: Base de datos conectada 
[2025-09-11T06:23:26.496Z] info: Servidor corriendo en el puerto: 
[2025-09-11T06:23:27.915Z] info: Servidor corriendo en el puerto: 
[2025-09-11T06:23:28.965Z] info: Base de datos conectada 
[2025-09-11T06:23:41.983Z] info: Servidor corriendo en el puerto: 
[2025-09-11T06:23:43.308Z] info: Servidor corriendo en el puerto: 
[2025-09-11T06:23:44.364Z] info: Base de datos conectada 
[2025-09-11T06:23:55.798Z] info: Servidor corriendo en el puerto: 
[2025-09-11T06:23:57.044Z] info: Servidor corriendo en el puerto: 
[2025-09-11T06:23:58.017Z] info: Base de datos conectada 
[2025-09-11T06:24:13.037Z] info: Servidor corriendo en el puerto: 
[2025-09-11T06:24:13.994Z] info: Base de datos conectada 
[2025-09-11T06:24:29.087Z] info: Servidor corriendo en el puerto: 
[2025-09-11T06:24:31.072Z] info: Servidor corriendo en el puerto: 
[2025-09-11T06:24:32.345Z] info: Servidor corriendo en el puerto: 
[2025-09-11T06:24:33.328Z] info: Base de datos conectada 
[2025-09-11T06:25:57.161Z] info: Servidor corriendo en el puerto: 
[2025-09-11T06:25:58.822Z] info: Servidor corriendo en el puerto: 
[2025-09-11T06:25:59.870Z] info: Base de datos conectada 
[2025-09-11T06:26:24.000Z] info: Servidor corriendo en el puerto: 
[2025-09-11T06:26:25.043Z] info: Base de datos conectada 
